app/build/intermediates/manifest_merge_blame_file/debug/manifest-merger-blame-debug-report.txt
1<?xml version="1.0" encoding="utf-8"?>
2<manifest xmlns:android="http://schemas.android.com/apk/res/android"
3    package="com.bookmydoc"
4    android:versionCode="1"
5    android:versionName="1.0" >
6
7    <uses-sdk
8        android:minSdkVersion="21"
8-->src\main\AndroidManifest.xml
9        android:targetSdkVersion="32" />
9-->src\main\AndroidManifest.xml
10
11    <uses-permission android:name="android.permission.READ_EXTERNAL_STORAGE" />
11-->src\main\AndroidManifest.xml:6:5-80
11-->src\main\AndroidManifest.xml:6:22-77
12    <uses-permission android:name="android.permission.CALL_PHONE" />
12-->src\main\AndroidManifest.xml:7:5-69
12-->src\main\AndroidManifest.xml:7:22-66
13    <uses-permission android:name="android.permission.INTERNET" />
13-->src\main\AndroidManifest.xml:8:5-67
13-->src\main\AndroidManifest.xml:8:22-64
14    <uses-permission android:name="android.permission.ACCESS_NETWORK_STATE" />
14-->src\main\AndroidManifest.xml:9:5-79
14-->src\main\AndroidManifest.xml:9:22-76
15    <uses-permission android:name="android.permission.WAKE_LOCK" />
15-->[com.google.android.gms:play-services-measurement-api:21.2.0] AndroidManifest.xml:24:5-68
15-->[com.google.android.gms:play-services-measurement-api:21.2.0] AndroidManifest.xml:24:22-65
16    <uses-permission android:name="com.google.android.gms.permission.AD_ID" />
16-->[com.google.android.gms:play-services-measurement-api:21.2.0] AndroidManifest.xml:25:5-79
16-->[com.google.android.gms:play-services-measurement-api:21.2.0] AndroidManifest.xml:25:22-76
17    <uses-permission android:name="com.google.android.finsky.permission.BIND_GET_INSTALL_REFERRER_SERVICE" />
17-->[com.google.android.gms:play-services-measurement:21.2.0] AndroidManifest.xml:26:5-110
17-->[com.google.android.gms:play-services-measurement:21.2.0] AndroidManifest.xml:26:22-107
18
19    <application
19-->src\main\AndroidManifest.xml:11:5-90:19
20        android:allowBackup="true"
20-->src\main\AndroidManifest.xml:12:9-35
21        android:appComponentFactory="androidx.core.app.CoreComponentFactory"
21-->[androidx.core:core:1.8.0] AndroidManifest.xml:24:18-86
22        android:dataExtractionRules="@xml/data_extraction_rules"
22-->src\main\AndroidManifest.xml:13:9-65
23        android:debuggable="true"
24        android:fullBackupContent="@xml/backup_rules"
24-->src\main\AndroidManifest.xml:14:9-54
25        android:icon="@mipmap/ic_launcher"
25-->src\main\AndroidManifest.xml:15:9-43
26        android:label="@string/app_name"
26-->src\main\AndroidManifest.xml:16:9-41
27        android:roundIcon="@mipmap/ic_launcher_round"
27-->src\main\AndroidManifest.xml:17:9-54
28        android:supportsRtl="true"
28-->src\main\AndroidManifest.xml:18:9-35
29        android:testOnly="true"
30        android:theme="@style/Theme.BookMyDoc" >
30-->src\main\AndroidManifest.xml:19:9-47
31        <activity
31-->src\main\AndroidManifest.xml:21:9-24:40
32            android:name="com.bookmydoc.view.DoctorDashboardActivity"
32-->src\main\AndroidManifest.xml:22:13-57
33            android:exported="false"
33-->src\main\AndroidManifest.xml:24:13-37
34            android:theme="@style/Theme.White" />
34-->src\main\AndroidManifest.xml:23:13-47
35        <activity
35-->src\main\AndroidManifest.xml:25:9-28:40
36            android:name="com.bookmydoc.view.DocotrLoginActivity"
36-->src\main\AndroidManifest.xml:26:13-53
37            android:exported="false"
37-->src\main\AndroidManifest.xml:28:13-37
38            android:theme="@style/Theme.White" />
38-->src\main\AndroidManifest.xml:27:13-47
39        <activity
39-->src\main\AndroidManifest.xml:29:9-32:49
40            android:name="com.bookmydoc.view.MyBookingActivity"
40-->src\main\AndroidManifest.xml:30:13-51
41            android:exported="false"
41-->src\main\AndroidManifest.xml:31:13-37
42            android:theme="@style/Theme.Blue" />
42-->src\main\AndroidManifest.xml:32:13-46
43        <activity
43-->src\main\AndroidManifest.xml:33:9-36:49
44            android:name="com.bookmydoc.view.UserProfileActivity"
44-->src\main\AndroidManifest.xml:34:13-53
45            android:exported="false"
45-->src\main\AndroidManifest.xml:35:13-37
46            android:theme="@style/Theme.Blue" />
46-->src\main\AndroidManifest.xml:36:13-46
47        <activity
47-->src\main\AndroidManifest.xml:37:9-40:49
48            android:name="com.bookmydoc.view.SettingsActivity"
48-->src\main\AndroidManifest.xml:38:13-50
49            android:exported="false"
49-->src\main\AndroidManifest.xml:39:13-37
50            android:theme="@style/Theme.Blue" />
50-->src\main\AndroidManifest.xml:40:13-46
51        <activity
51-->src\main\AndroidManifest.xml:41:9-44:49
52            android:name="com.bookmydoc.view.DoctorListActivity"
52-->src\main\AndroidManifest.xml:42:13-52
53            android:exported="false"
53-->src\main\AndroidManifest.xml:43:13-37
54            android:theme="@style/Theme.Blue" />
54-->src\main\AndroidManifest.xml:44:13-46
55        <activity
55-->src\main\AndroidManifest.xml:45:9-48:49
56            android:name="com.bookmydoc.view.CategoryActivity"
56-->src\main\AndroidManifest.xml:46:13-50
57            android:exported="false"
57-->src\main\AndroidManifest.xml:47:13-37
58            android:theme="@style/Theme.Blue" />
58-->src\main\AndroidManifest.xml:48:13-46
59        <activity
59-->src\main\AndroidManifest.xml:49:9-52:50
60            android:name="com.bookmydoc.view.SuccessActivity"
60-->src\main\AndroidManifest.xml:50:13-49
61            android:exported="false"
61-->src\main\AndroidManifest.xml:51:13-37
62            android:theme="@style/Theme.White" />
62-->src\main\AndroidManifest.xml:52:13-47
63        <activity
63-->src\main\AndroidManifest.xml:53:9-56:49
64            android:name="com.bookmydoc.view.DocotrDetailActivity"
64-->src\main\AndroidManifest.xml:54:13-54
65            android:exported="false"
65-->src\main\AndroidManifest.xml:55:13-37
66            android:theme="@style/Theme.Blue" />
66-->src\main\AndroidManifest.xml:56:13-46
67        <activity
67-->src\main\AndroidManifest.xml:57:9-60:50
68            android:name="com.bookmydoc.view.DashboardActivity"
68-->src\main\AndroidManifest.xml:58:13-51
69            android:exported="false"
69-->src\main\AndroidManifest.xml:59:13-37
70            android:theme="@style/Theme.White" />
70-->src\main\AndroidManifest.xml:60:13-47
71        <activity
71-->src\main\AndroidManifest.xml:61:9-64:50
72            android:name="com.bookmydoc.view.WelcomeActivity"
72-->src\main\AndroidManifest.xml:62:13-49
73            android:exported="false"
73-->src\main\AndroidManifest.xml:63:13-37
74            android:theme="@style/Theme.White" />
74-->src\main\AndroidManifest.xml:64:13-47
75        <activity
75-->src\main\AndroidManifest.xml:65:9-68:50
76            android:name="com.bookmydoc.view.RegisterActivity"
76-->src\main\AndroidManifest.xml:66:13-50
77            android:exported="false"
77-->src\main\AndroidManifest.xml:67:13-37
78            android:theme="@style/Theme.White" />
78-->src\main\AndroidManifest.xml:68:13-47
79        <activity
79-->src\main\AndroidManifest.xml:69:9-78:20
80            android:name="com.bookmydoc.view.SplashActivity"
80-->src\main\AndroidManifest.xml:70:13-48
81            android:exported="true"
81-->src\main\AndroidManifest.xml:71:13-36
82            android:theme="@style/Theme.White" >
82-->src\main\AndroidManifest.xml:72:13-47
83            <intent-filter>
83-->src\main\AndroidManifest.xml:73:13-77:29
84                <action android:name="android.intent.action.MAIN" />
84-->src\main\AndroidManifest.xml:74:17-69
84-->src\main\AndroidManifest.xml:74:25-66
85
86                <category android:name="android.intent.category.LAUNCHER" />
86-->src\main\AndroidManifest.xml:76:17-77
86-->src\main\AndroidManifest.xml:76:27-74
87            </intent-filter>
88        </activity>
89        <activity
89-->src\main\AndroidManifest.xml:79:9-82:50
90            android:name="com.bookmydoc.view.LoginActivity"
90-->src\main\AndroidManifest.xml:80:13-47
91            android:exported="false"
91-->src\main\AndroidManifest.xml:81:13-37
92            android:theme="@style/Theme.White" />
92-->src\main\AndroidManifest.xml:82:13-47
93        <activity
93-->src\main\AndroidManifest.xml:83:9-85:39
94            android:name="com.bookmydoc.MainActivity"
94-->src\main\AndroidManifest.xml:84:13-41
95            android:exported="true" />
95-->src\main\AndroidManifest.xml:85:13-36
96
97        <meta-data
97-->src\main\AndroidManifest.xml:87:9-89:57
98            android:name="preloaded_fonts"
98-->src\main\AndroidManifest.xml:88:13-43
99            android:resource="@array/preloaded_fonts" />
99-->src\main\AndroidManifest.xml:89:13-54
100
101        <service
101-->[com.google.firebase:firebase-firestore-ktx:24.4.0] AndroidManifest.xml:11:9-17:19
102            android:name="com.google.firebase.components.ComponentDiscoveryService"
102-->[com.google.firebase:firebase-firestore-ktx:24.4.0] AndroidManifest.xml:12:13-84
103            android:directBootAware="true"
103-->[com.google.firebase:firebase-common:20.2.0] AndroidManifest.xml:34:13-43
104            android:exported="false" >
104-->[com.google.firebase:firebase-firestore-ktx:24.4.0] AndroidManifest.xml:13:13-37
105            <meta-data
105-->[com.google.firebase:firebase-firestore-ktx:24.4.0] AndroidManifest.xml:14:13-16:85
106                android:name="com.google.firebase.components:com.google.firebase.firestore.ktx.FirebaseFirestoreKtxRegistrar"
106-->[com.google.firebase:firebase-firestore-ktx:24.4.0] AndroidManifest.xml:15:17-126
107                android:value="com.google.firebase.components.ComponentRegistrar" />
107-->[com.google.firebase:firebase-firestore-ktx:24.4.0] AndroidManifest.xml:16:17-82
108            <meta-data
108-->[com.google.firebase:firebase-storage-ktx:20.1.0] AndroidManifest.xml:14:13-16:85
109                android:name="com.google.firebase.components:com.google.firebase.storage.ktx.FirebaseStorageKtxRegistrar"
109-->[com.google.firebase:firebase-storage-ktx:20.1.0] AndroidManifest.xml:15:17-122
110                android:value="com.google.firebase.components.ComponentRegistrar" />
110-->[com.google.firebase:firebase-storage-ktx:20.1.0] AndroidManifest.xml:16:17-82
111            <meta-data
111-->[com.google.firebase:firebase-analytics-ktx:21.2.0] AndroidManifest.xml:11:13-13:85
112                android:name="com.google.firebase.components:com.google.firebase.analytics.ktx.FirebaseAnalyticsKtxRegistrar"
112-->[com.google.firebase:firebase-analytics-ktx:21.2.0] AndroidManifest.xml:12:17-126
113                android:value="com.google.firebase.components.ComponentRegistrar" />
113-->[com.google.firebase:firebase-analytics-ktx:21.2.0] AndroidManifest.xml:13:17-82
114            <meta-data
114-->[com.google.firebase:firebase-common-ktx:20.2.0] AndroidManifest.xml:14:13-16:85
115                android:name="com.google.firebase.components:com.google.firebase.ktx.FirebaseCommonKtxRegistrar"
115-->[com.google.firebase:firebase-common-ktx:20.2.0] AndroidManifest.xml:15:17-113
116                android:value="com.google.firebase.components.ComponentRegistrar" />
116-->[com.google.firebase:firebase-common-ktx:20.2.0] AndroidManifest.xml:16:17-82
117            <meta-data
117-->[com.google.firebase:firebase-auth:21.1.0] AndroidManifest.xml:67:13-69:85
118                android:name="com.google.firebase.components:com.google.firebase.auth.FirebaseAuthRegistrar"
118-->[com.google.firebase:firebase-auth:21.1.0] AndroidManifest.xml:68:17-109
119                android:value="com.google.firebase.components.ComponentRegistrar" />
119-->[com.google.firebase:firebase-auth:21.1.0] AndroidManifest.xml:69:17-82
120            <meta-data
120-->[com.google.firebase:firebase-firestore:24.4.0] AndroidManifest.xml:19:13-21:85
121                android:name="com.google.firebase.components:com.google.firebase.firestore.FirestoreRegistrar"
121-->[com.google.firebase:firebase-firestore:24.4.0] AndroidManifest.xml:20:17-111
122                android:value="com.google.firebase.components.ComponentRegistrar" />
122-->[com.google.firebase:firebase-firestore:24.4.0] AndroidManifest.xml:21:17-82
123            <meta-data
123-->[com.google.firebase:firebase-storage:20.1.0] AndroidManifest.xml:32:13-34:85
124                android:name="com.google.firebase.components:com.google.firebase.storage.StorageRegistrar"
124-->[com.google.firebase:firebase-storage:20.1.0] AndroidManifest.xml:33:17-107
125                android:value="com.google.firebase.components.ComponentRegistrar" />
125-->[com.google.firebase:firebase-storage:20.1.0] AndroidManifest.xml:34:17-82
126            <meta-data
126-->[com.google.android.gms:play-services-measurement-api:21.2.0] AndroidManifest.xml:31:13-33:85
127                android:name="com.google.firebase.components:com.google.firebase.analytics.connector.internal.AnalyticsConnectorRegistrar"
127-->[com.google.android.gms:play-services-measurement-api:21.2.0] AndroidManifest.xml:32:17-139
128                android:value="com.google.firebase.components.ComponentRegistrar" />
128-->[com.google.android.gms:play-services-measurement-api:21.2.0] AndroidManifest.xml:33:17-82
129            <meta-data
129-->[com.google.firebase:firebase-installations:17.1.0] AndroidManifest.xml:17:13-19:85
130                android:name="com.google.firebase.components:com.google.firebase.installations.FirebaseInstallationsRegistrar"
130-->[com.google.firebase:firebase-installations:17.1.0] AndroidManifest.xml:18:17-127
131                android:value="com.google.firebase.components.ComponentRegistrar" />
131-->[com.google.firebase:firebase-installations:17.1.0] AndroidManifest.xml:19:17-82
132        </service>
133
134        <activity
134-->[com.google.firebase:firebase-auth:21.1.0] AndroidManifest.xml:27:9-44:20
135            android:name="com.google.firebase.auth.internal.GenericIdpActivity"
135-->[com.google.firebase:firebase-auth:21.1.0] AndroidManifest.xml:28:13-80
136            android:excludeFromRecents="true"
136-->[com.google.firebase:firebase-auth:21.1.0] AndroidManifest.xml:29:13-46
137            android:exported="true"
137-->[com.google.firebase:firebase-auth:21.1.0] AndroidManifest.xml:30:13-36
138            android:launchMode="singleTask"
138-->[com.google.firebase:firebase-auth:21.1.0] AndroidManifest.xml:31:13-44
139            android:theme="@android:style/Theme.Translucent.NoTitleBar" >
139-->[com.google.firebase:firebase-auth:21.1.0] AndroidManifest.xml:32:13-72
140            <intent-filter>
140-->[com.google.firebase:firebase-auth:21.1.0] AndroidManifest.xml:33:13-43:29
141                <action android:name="android.intent.action.VIEW" />
141-->[com.google.firebase:firebase-auth:21.1.0] AndroidManifest.xml:34:17-69
141-->[com.google.firebase:firebase-auth:21.1.0] AndroidManifest.xml:34:25-66
142
143                <category android:name="android.intent.category.DEFAULT" />
143-->[com.google.firebase:firebase-auth:21.1.0] AndroidManifest.xml:36:17-76
143-->[com.google.firebase:firebase-auth:21.1.0] AndroidManifest.xml:36:27-73
144                <category android:name="android.intent.category.BROWSABLE" />
144-->[com.google.firebase:firebase-auth:21.1.0] AndroidManifest.xml:37:17-78
144-->[com.google.firebase:firebase-auth:21.1.0] AndroidManifest.xml:37:27-75
145
146                <data
146-->[com.google.firebase:firebase-auth:21.1.0] AndroidManifest.xml:39:17-42:51
147                    android:host="firebase.auth"
147-->[com.google.firebase:firebase-auth:21.1.0] AndroidManifest.xml:40:21-49
148                    android:path="/"
148-->[com.google.firebase:firebase-auth:21.1.0] AndroidManifest.xml:41:21-37
149                    android:scheme="genericidp" />
149-->[com.google.firebase:firebase-auth:21.1.0] AndroidManifest.xml:42:21-48
150            </intent-filter>
151        </activity>
152        <activity
152-->[com.google.firebase:firebase-auth:21.1.0] AndroidManifest.xml:45:9-62:20
153            android:name="com.google.firebase.auth.internal.RecaptchaActivity"
153-->[com.google.firebase:firebase-auth:21.1.0] AndroidManifest.xml:46:13-79
154            android:excludeFromRecents="true"
154-->[com.google.firebase:firebase-auth:21.1.0] AndroidManifest.xml:47:13-46
155            android:exported="true"
155-->[com.google.firebase:firebase-auth:21.1.0] AndroidManifest.xml:48:13-36
156            android:launchMode="singleTask"
156-->[com.google.firebase:firebase-auth:21.1.0] AndroidManifest.xml:49:13-44
157            android:theme="@android:style/Theme.Translucent.NoTitleBar" >
157-->[com.google.firebase:firebase-auth:21.1.0] AndroidManifest.xml:50:13-72
158            <intent-filter>
158-->[com.google.firebase:firebase-auth:21.1.0] AndroidManifest.xml:51:13-61:29
159                <action android:name="android.intent.action.VIEW" />
159-->[com.google.firebase:firebase-auth:21.1.0] AndroidManifest.xml:34:17-69
159-->[com.google.firebase:firebase-auth:21.1.0] AndroidManifest.xml:34:25-66
160
161                <category android:name="android.intent.category.DEFAULT" />
161-->[com.google.firebase:firebase-auth:21.1.0] AndroidManifest.xml:36:17-76
161-->[com.google.firebase:firebase-auth:21.1.0] AndroidManifest.xml:36:27-73
162                <category android:name="android.intent.category.BROWSABLE" />
162-->[com.google.firebase:firebase-auth:21.1.0] AndroidManifest.xml:37:17-78
162-->[com.google.firebase:firebase-auth:21.1.0] AndroidManifest.xml:37:27-75
163
164                <data
164-->[com.google.firebase:firebase-auth:21.1.0] AndroidManifest.xml:39:17-42:51
165                    android:host="firebase.auth"
165-->[com.google.firebase:firebase-auth:21.1.0] AndroidManifest.xml:40:21-49
166                    android:path="/"
166-->[com.google.firebase:firebase-auth:21.1.0] AndroidManifest.xml:41:21-37
167                    android:scheme="recaptcha" />
167-->[com.google.firebase:firebase-auth:21.1.0] AndroidManifest.xml:42:21-48
168            </intent-filter>
169        </activity>
170
171        <provider
171-->[com.google.firebase:firebase-common:20.2.0] AndroidManifest.xml:25:9-30:39
172            android:name="com.google.firebase.provider.FirebaseInitProvider"
172-->[com.google.firebase:firebase-common:20.2.0] AndroidManifest.xml:26:13-77
173            android:authorities="com.bookmydoc.firebaseinitprovider"
173-->[com.google.firebase:firebase-common:20.2.0] AndroidManifest.xml:27:13-72
174            android:directBootAware="true"
174-->[com.google.firebase:firebase-common:20.2.0] AndroidManifest.xml:28:13-43
175            android:exported="false"
175-->[com.google.firebase:firebase-common:20.2.0] AndroidManifest.xml:29:13-37
176            android:initOrder="100" />
176-->[com.google.firebase:firebase-common:20.2.0] AndroidManifest.xml:30:13-36
177
178        <activity
178-->[com.google.android.gms:play-services-base:18.0.1] AndroidManifest.xml:20:9-22:45
179            android:name="com.google.android.gms.common.api.GoogleApiActivity"
179-->[com.google.android.gms:play-services-base:18.0.1] AndroidManifest.xml:20:19-85
180            android:exported="false"
180-->[com.google.android.gms:play-services-base:18.0.1] AndroidManifest.xml:22:19-43
181            android:theme="@android:style/Theme.Translucent.NoTitleBar" />
181-->[com.google.android.gms:play-services-base:18.0.1] AndroidManifest.xml:21:19-78
182
183        <receiver
183-->[com.google.android.gms:play-services-measurement:21.2.0] AndroidManifest.xml:29:9-33:20
184            android:name="com.google.android.gms.measurement.AppMeasurementReceiver"
184-->[com.google.android.gms:play-services-measurement:21.2.0] AndroidManifest.xml:30:13-85
185            android:enabled="true"
185-->[com.google.android.gms:play-services-measurement:21.2.0] AndroidManifest.xml:31:13-35
186            android:exported="false" >
186-->[com.google.android.gms:play-services-measurement:21.2.0] AndroidManifest.xml:32:13-37
187        </receiver>
188
189        <service
189-->[com.google.android.gms:play-services-measurement:21.2.0] AndroidManifest.xml:35:9-38:40
190            android:name="com.google.android.gms.measurement.AppMeasurementService"
190-->[com.google.android.gms:play-services-measurement:21.2.0] AndroidManifest.xml:36:13-84
191            android:enabled="true"
191-->[com.google.android.gms:play-services-measurement:21.2.0] AndroidManifest.xml:37:13-35
192            android:exported="false" />
192-->[com.google.android.gms:play-services-measurement:21.2.0] AndroidManifest.xml:38:13-37
193        <service
193-->[com.google.android.gms:play-services-measurement:21.2.0] AndroidManifest.xml:39:9-43:72
194            android:name="com.google.android.gms.measurement.AppMeasurementJobService"
194-->[com.google.android.gms:play-services-measurement:21.2.0] AndroidManifest.xml:40:13-87
195            android:enabled="true"
195-->[com.google.android.gms:play-services-measurement:21.2.0] AndroidManifest.xml:41:13-35
196            android:exported="false"
196-->[com.google.android.gms:play-services-measurement:21.2.0] AndroidManifest.xml:42:13-37
197            android:permission="android.permission.BIND_JOB_SERVICE" />
197-->[com.google.android.gms:play-services-measurement:21.2.0] AndroidManifest.xml:43:13-69
198
199        <meta-data
199-->[com.google.android.gms:play-services-basement:18.1.0] AndroidManifest.xml:21:9-23:69
200            android:name="com.google.android.gms.version"
200-->[com.google.android.gms:play-services-basement:18.1.0] AndroidManifest.xml:22:13-58
201            android:value="@integer/google_play_services_version" />
201-->[com.google.android.gms:play-services-basement:18.1.0] AndroidManifest.xml:23:13-66
202
203        <uses-library
203-->[androidx.window:window:1.0.0] AndroidManifest.xml:25:9-27:40
204            android:name="androidx.window.extensions"
204-->[androidx.window:window:1.0.0] AndroidManifest.xml:26:13-54
205            android:required="false" />
205-->[androidx.window:window:1.0.0] AndroidManifest.xml:27:13-37
206        <uses-library
206-->[androidx.window:window:1.0.0] AndroidManifest.xml:28:9-30:40
207            android:name="androidx.window.sidecar"
207-->[androidx.window:window:1.0.0] AndroidManifest.xml:29:13-51
208            android:required="false" />
208-->[androidx.window:window:1.0.0] AndroidManifest.xml:30:13-37
209
210        <provider
210-->[androidx.emoji2:emoji2:1.2.0] AndroidManifest.xml:24:9-32:20
211            android:name="androidx.startup.InitializationProvider"
211-->[androidx.emoji2:emoji2:1.2.0] AndroidManifest.xml:25:13-67
212            android:authorities="com.bookmydoc.androidx-startup"
212-->[androidx.emoji2:emoji2:1.2.0] AndroidManifest.xml:26:13-68
213            android:exported="false" >
213-->[androidx.emoji2:emoji2:1.2.0] AndroidManifest.xml:27:13-37
214            <meta-data
214-->[androidx.emoji2:emoji2:1.2.0] AndroidManifest.xml:29:13-31:52
215                android:name="androidx.emoji2.text.EmojiCompatInitializer"
215-->[androidx.emoji2:emoji2:1.2.0] AndroidManifest.xml:30:17-75
216                android:value="androidx.startup" />
216-->[androidx.emoji2:emoji2:1.2.0] AndroidManifest.xml:31:17-49
217            <meta-data
217-->[androidx.lifecycle:lifecycle-process:2.4.1] AndroidManifest.xml:31:13-33:52
218                android:name="androidx.lifecycle.ProcessLifecycleInitializer"
218-->[androidx.lifecycle:lifecycle-process:2.4.1] AndroidManifest.xml:32:17-78
219                android:value="androidx.startup" />
219-->[androidx.lifecycle:lifecycle-process:2.4.1] AndroidManifest.xml:33:17-49
220        </provider>
221    </application>
222
223</manifest>